#
# There is insufficient memory for the Java Runtime Environment to continue.
# Native memory allocation (malloc) failed to allocate 32744 bytes for ChunkPool::allocate
# Possible reasons:
#   The system is out of physical RAM or swap space
#   The process is running with CompressedOops enabled, and the Java Heap may be blocking the growth of the native heap
# Possible solutions:
#   Reduce memory load on the system
#   Increase physical memory or swap space
#   Check if swap backing store is full
#   Decrease Java heap size (-Xmx/-Xms)
#   Decrease number of Java threads
#   Decrease Java thread stack sizes (-Xss)
#   Set larger code cache with -XX:ReservedCodeCacheSize=
#   JVM is running with Unscaled Compressed Oops mode in which the Java heap is
#     placed in the first 4GB address space. The Java Heap base address is the
#     maximum limit for the native heap growth. Please use -XX:HeapBaseMinAddress
#     to set the Java Heap base and to place the Java Heap above 4GB virtual address.
# This output file may be truncated or incomplete.
#
#  Out of Memory Error (./open/src/hotspot/share/memory/arena.cpp:79), pid=17492, tid=17156
#
# JRE version: OpenJDK Runtime Environment (15.0.2+7) (build 15.0.2+7-27)
# Java VM: OpenJDK 64-Bit Server VM (15.0.2+7-27, mixed mode, tiered, compressed oops, g1 gc, windows-amd64)
# No core dump will be written. Minidumps are not enabled by default on client versions of Windows
#

---------------  S U M M A R Y ------------

Command Line: -Dcom.sun.management.jmxremote -Dcom.sun.management.jmxremote.port=52396 -Dcom.sun.management.jmxremote.authenticate=false -Dcom.sun.management.jmxremote.ssl=false -Djava.rmi.server.hostname=localhost -Dspring.jmx.enabled=true -Dspring.application.admin.enabled=true -XX:TieredStopAtLevel=1 -Dspring.boot.project.name=Spring_MVC_CRUD -Dfile.encoding=UTF-8 -XX:+ShowCodeDetailsInExceptionMessages com.pack.employee.SpringMvcCrudApplication

Host: Intel(R) Pentium(R) CPU 6405U @ 2.40GHz, 4 cores, 3G,  Windows 10 , 64 bit Build 19041 (10.0.19041.1889)
Time: Mon Aug 15 16:33:22 2022 India Standard Time elapsed time: 69.739418 seconds (0d 0h 1m 9s)

---------------  T H R E A D  ---------------

Current thread (0x000001ba7848e050):  JavaThread "C1 CompilerThread0" daemon [_thread_in_native, id=17156, stack(0x0000007c65400000,0x0000007c65500000)]


Current CompileTask:
C1:  69739 4574       1       org.eclipse.jdt.internal.compiler.parser.Parser::consumeRule (7627 bytes)

Stack: [0x0000007c65400000,0x0000007c65500000]
Native frames: (J=compiled Java code, j=interpreted, Vv=VM code, C=native code)
V  [jvm.dll+0x62ae9a]
V  [jvm.dll+0x7817a9]
V  [jvm.dll+0x782f03]
V  [jvm.dll+0x783563]
V  [jvm.dll+0x216325]
V  [jvm.dll+0x982cf]
V  [jvm.dll+0x9861c]
V  [jvm.dll+0x125280]
V  [jvm.dll+0x123bd2]
V  [jvm.dll+0x124ac1]
V  [jvm.dll+0x10f5ed]
V  [jvm.dll+0x10f890]
V  [jvm.dll+0x10fb54]
V  [jvm.dll+0x10ee92]
V  [jvm.dll+0x110d2c]
V  [jvm.dll+0x1f9225]
V  [jvm.dll+0x1f72cc]
V  [jvm.dll+0x74495d]
V  [jvm.dll+0x73d75a]
V  [jvm.dll+0x629c56]
C  [ucrtbase.dll+0x21bb2]
C  [KERNEL32.DLL+0x17034]
C  [ntdll.dll+0x52651]


---------------  P R O C E S S  ---------------

Threads class SMR info:
_java_thread_list=0x000001ba79576ab0, length=34, elements={
0x000001ba78471130, 0x000001ba78473c20, 0x000001ba7848b130, 0x000001ba7848bc10,
0x000001ba7848d5e0, 0x000001ba7848e050, 0x000001ba784ae3d0, 0x000001ba783eca70,
0x000001ba78f5b6b0, 0x000001ba793fb780, 0x000001ba793ed280, 0x000001ba793e7020,
0x000001ba7b10e0c0, 0x000001ba7b10e590, 0x000001ba7b1289d0, 0x000001ba7b128300,
0x000001ba7b3a18a0, 0x000001ba7b417240, 0x000001ba7b417710, 0x000001ba7b4180b0,
0x000001ba7b416d70, 0x000001ba7b418580, 0x000001ba7b417be0, 0x000001ba79628570,
0x000001ba79626d60, 0x000001ba7962abf0, 0x000001ba79627700, 0x000001ba79624bb0,
0x000001ba79625550, 0x000001ba79626890, 0x000001ba79627bd0, 0x000001ba7962a250,
0x000001ba79627230, 0x000001ba79625080
}

Java Threads: ( => current thread )
  0x000001ba78471130 JavaThread "Reference Handler" daemon [_thread_blocked, id=19324, stack(0x0000007c64f00000,0x0000007c65000000)]
  0x000001ba78473c20 JavaThread "Finalizer" daemon [_thread_blocked, id=11332, stack(0x0000007c65000000,0x0000007c65100000)]
  0x000001ba7848b130 JavaThread "Signal Dispatcher" daemon [_thread_blocked, id=18232, stack(0x0000007c65100000,0x0000007c65200000)]
  0x000001ba7848bc10 JavaThread "Attach Listener" daemon [_thread_blocked, id=14932, stack(0x0000007c65200000,0x0000007c65300000)]
  0x000001ba7848d5e0 JavaThread "Service Thread" daemon [_thread_blocked, id=11516, stack(0x0000007c65300000,0x0000007c65400000)]
=>0x000001ba7848e050 JavaThread "C1 CompilerThread0" daemon [_thread_in_native, id=17156, stack(0x0000007c65400000,0x0000007c65500000)]
  0x000001ba784ae3d0 JavaThread "Sweeper thread" daemon [_thread_blocked, id=17820, stack(0x0000007c65500000,0x0000007c65600000)]
  0x000001ba783eca70 JavaThread "Common-Cleaner" daemon [_thread_blocked, id=19328, stack(0x0000007c65600000,0x0000007c65700000)]
  0x000001ba78f5b6b0 JavaThread "Notification Thread" daemon [_thread_blocked, id=14816, stack(0x0000007c65700000,0x0000007c65800000)]
  0x000001ba793fb780 JavaThread "RMI TCP Accept-0" daemon [_thread_in_native, id=6928, stack(0x0000007c65900000,0x0000007c65a00000)]
  0x000001ba793ed280 JavaThread "RMI TCP Accept-52396" daemon [_thread_in_native, id=13872, stack(0x0000007c65a00000,0x0000007c65b00000)]
  0x000001ba793e7020 JavaThread "RMI TCP Accept-0" daemon [_thread_in_native, id=13168, stack(0x0000007c65b00000,0x0000007c65c00000)]
  0x000001ba7b10e0c0 JavaThread "Catalina-utility-1" [_thread_blocked, id=3328, stack(0x0000007c66000000,0x0000007c66100000)]
  0x000001ba7b10e590 JavaThread "Catalina-utility-2" [_thread_blocked, id=18628, stack(0x0000007c66300000,0x0000007c66400000)]
  0x000001ba7b1289d0 JavaThread "container-0" [_thread_blocked, id=8148, stack(0x0000007c66400000,0x0000007c66500000)]
  0x000001ba7b128300 JavaThread "mysql-cj-abandoned-connection-cleanup" daemon [_thread_blocked, id=19308, stack(0x0000007c66500000,0x0000007c66600000)]
  0x000001ba7b3a18a0 JavaThread "HikariPool-1 housekeeper" daemon [_thread_blocked, id=18668, stack(0x0000007c66700000,0x0000007c66800000)]
  0x000001ba7b417240 JavaThread "http-nio-8080-exec-1" daemon [_thread_blocked, id=18440, stack(0x0000007c66900000,0x0000007c66a00000)]
  0x000001ba7b417710 JavaThread "http-nio-8080-exec-2" daemon [_thread_in_native, id=19072, stack(0x0000007c66a00000,0x0000007c66b00000)]
  0x000001ba7b4180b0 JavaThread "http-nio-8080-exec-3" daemon [_thread_blocked, id=11780, stack(0x0000007c66b00000,0x0000007c66c00000)]
  0x000001ba7b416d70 JavaThread "http-nio-8080-exec-4" daemon [_thread_blocked, id=11708, stack(0x0000007c66c00000,0x0000007c66d00000)]
  0x000001ba7b418580 JavaThread "http-nio-8080-exec-5" daemon [_thread_blocked, id=18820, stack(0x0000007c66d00000,0x0000007c66e00000)]
  0x000001ba7b417be0 JavaThread "http-nio-8080-exec-6" daemon [_thread_blocked, id=13708, stack(0x0000007c66e00000,0x0000007c66f00000)]
  0x000001ba79628570 JavaThread "http-nio-8080-exec-7" daemon [_thread_blocked, id=9100, stack(0x0000007c66f00000,0x0000007c67000000)]
  0x000001ba79626d60 JavaThread "http-nio-8080-exec-8" daemon [_thread_blocked, id=12964, stack(0x0000007c67000000,0x0000007c67100000)]
  0x000001ba7962abf0 JavaThread "http-nio-8080-exec-9" daemon [_thread_blocked, id=1564, stack(0x0000007c67100000,0x0000007c67200000)]
  0x000001ba79627700 JavaThread "http-nio-8080-exec-10" daemon [_thread_blocked, id=15796, stack(0x0000007c67200000,0x0000007c67300000)]
  0x000001ba79624bb0 JavaThread "http-nio-8080-Poller" daemon [_thread_in_native, id=11968, stack(0x0000007c67300000,0x0000007c67400000)]
  0x000001ba79625550 JavaThread "http-nio-8080-Acceptor" daemon [_thread_in_native, id=17824, stack(0x0000007c67400000,0x0000007c67500000)]
  0x000001ba79626890 JavaThread "DestroyJavaVM" [_thread_blocked, id=11296, stack(0x0000007c64800000,0x0000007c64900000)]
  0x000001ba79627bd0 JavaThread "RMI TCP Connection(1)-127.0.0.1" daemon [_thread_in_native, id=18444, stack(0x0000007c64600000,0x0000007c64700000)]
  0x000001ba7962a250 JavaThread "RMI Scheduler(0)" daemon [_thread_blocked, id=4268, stack(0x0000007c64700000,0x0000007c64800000)]
  0x000001ba79627230 JavaThread "RMI TCP Connection(2)-127.0.0.1" daemon [_thread_in_native, id=8184, stack(0x0000007c65800000,0x0000007c65900000)]
  0x000001ba79625080 JavaThread "JMX server connection timeout 42" daemon [_thread_blocked, id=8332, stack(0x0000007c67600000,0x0000007c67700000)]

Other Threads:
  0x000001ba78403bf0 VMThread "VM Thread" [stack: 0x0000007c64e00000,0x0000007c64f00000] [id=16412]
  0x000001ba793fa330 WatcherThread [stack: 0x0000007c65c00000,0x0000007c65d00000] [id=16308]
  0x000001ba6110c7d0 GCTaskThread "GC Thread#0" [stack: 0x0000007c64900000,0x0000007c64a00000] [id=5620]
  0x000001ba795f9a90 GCTaskThread "GC Thread#1" [stack: 0x0000007c65d00000,0x0000007c65e00000] [id=13448]
  0x000001ba795fa0f0 GCTaskThread "GC Thread#2" [stack: 0x0000007c66100000,0x0000007c66200000] [id=5908]
  0x000001ba795f9760 GCTaskThread "GC Thread#3" [stack: 0x0000007c66200000,0x0000007c66300000] [id=15192]
  0x000001ba611151f0 ConcurrentGCThread "G1 Main Marker" [stack: 0x0000007c64a00000,0x0000007c64b00000] [id=16964]
  0x000001ba61115ab0 ConcurrentGCThread "G1 Conc#0" [stack: 0x0000007c64b00000,0x0000007c64c00000] [id=16816]
  0x000001ba61151ea0 ConcurrentGCThread "G1 Refine#0" [stack: 0x0000007c64c00000,0x0000007c64d00000] [id=17876]
  0x000001ba795fadb0 ConcurrentGCThread "G1 Refine#1" [stack: 0x0000007c65e00000,0x0000007c65f00000] [id=1596]
  0x000001ba797bd010 ConcurrentGCThread "G1 Refine#2" [stack: 0x0000007c65f00000,0x0000007c66000000] [id=7132]
  0x000001ba61156780 ConcurrentGCThread "G1 Young RemSet Sampling" [stack: 0x0000007c64d00000,0x0000007c64e00000] [id=12152]

Threads with active compile tasks:
C1 CompilerThread0    69796 4574       1       org.eclipse.jdt.internal.compiler.parser.Parser::consumeRule (7627 bytes)

VM state: not at safepoint (normal execution)

VM Mutex/Monitor currently owned by a thread: None

Heap address: 0x00000000c2800000, size: 984 MB, Compressed Oops mode: 32-bit
CDS disabled.
Compressed class space mapped at: 0x0000000100000000-0x0000000140000000, size: 1073741824
Narrow klass base: 0x0000000000000000, Narrow klass shift: 3, Narrow klass range: 0x140000000

GC Precious Log:
 CPUs: 4 total, 4 available
 Memory: 3930M
 Large Page Support: Disabled
 NUMA Support: Disabled
 Compressed Oops: Enabled (32-bit)
 Heap Region Size: 1M
 Heap Min Capacity: 8M
 Heap Initial Capacity: 62M
 Heap Max Capacity: 984M
 Pre-touch: Disabled
 Parallel Workers: 4
 Concurrent Workers: 1
 Concurrent Refinement Workers: 4
 Periodic GC: Disabled

Heap:
 garbage-first heap   total 45056K, used 26802K [0x00000000c2800000, 0x0000000100000000)
  region size 1024K, 6 young (6144K), 1 survivors (1024K)
 Metaspace       used 54833K, capacity 55396K, committed 55472K, reserved 1097728K
  class space    used 6450K, capacity 6646K, committed 6656K, reserved 1048576K

Heap Regions: E=young(eden), S=young(survivor), O=old, HS=humongous(starts), HC=humongous(continues), CS=collection set, F=free, OA=open archive, CA=closed archive, TAMS=top-at-mark-start (previous, next)
|   0|0x00000000c2800000, 0x00000000c2900000, 0x00000000c2900000|100%| O|  |TAMS 0x00000000c2900000, 0x00000000c2800000| Untracked 
|   1|0x00000000c2900000, 0x00000000c2a00000, 0x00000000c2a00000|100%| O|  |TAMS 0x00000000c2a00000, 0x00000000c2900000| Untracked 
|   2|0x00000000c2a00000, 0x00000000c2b00000, 0x00000000c2b00000|100%| O|  |TAMS 0x00000000c2b00000, 0x00000000c2a00000| Untracked 
|   3|0x00000000c2b00000, 0x00000000c2c00000, 0x00000000c2c00000|100%| O|  |TAMS 0x00000000c2c00000, 0x00000000c2b00000| Untracked 
|   4|0x00000000c2c00000, 0x00000000c2cf4600, 0x00000000c2d00000| 95%| O|  |TAMS 0x00000000c2cf4600, 0x00000000c2c00000| Untracked 
|   5|0x00000000c2d00000, 0x00000000c2e00000, 0x00000000c2e00000|100%| O|  |TAMS 0x00000000c2e00000, 0x00000000c2d00000| Untracked 
|   6|0x00000000c2e00000, 0x00000000c2f00000, 0x00000000c2f00000|100%| O|  |TAMS 0x00000000c2f00000, 0x00000000c2e00000| Untracked 
|   7|0x00000000c2f00000, 0x00000000c3000000, 0x00000000c3000000|100%| O|  |TAMS 0x00000000c3000000, 0x00000000c2f00000| Untracked 
|   8|0x00000000c3000000, 0x00000000c3100000, 0x00000000c3100000|100%| O|  |TAMS 0x00000000c3100000, 0x00000000c3000000| Untracked 
|   9|0x00000000c3100000, 0x00000000c3200000, 0x00000000c3200000|100%| O|  |TAMS 0x00000000c3200000, 0x00000000c3100000| Untracked 
|  10|0x00000000c3200000, 0x00000000c3300000, 0x00000000c3300000|100%| O|  |TAMS 0x00000000c3300000, 0x00000000c3200000| Untracked 
|  11|0x00000000c3300000, 0x00000000c3400000, 0x00000000c3400000|100%| O|  |TAMS 0x00000000c3400000, 0x00000000c3300000| Untracked 
|  12|0x00000000c3400000, 0x00000000c3500000, 0x00000000c3500000|100%| O|  |TAMS 0x00000000c3500000, 0x00000000c3400000| Untracked 
|  13|0x00000000c3500000, 0x00000000c3600000, 0x00000000c3600000|100%| O|  |TAMS 0x00000000c3600000, 0x00000000c3500000| Untracked 
|  14|0x00000000c3600000, 0x00000000c3700000, 0x00000000c3700000|100%| O|  |TAMS 0x00000000c3700000, 0x00000000c3600000| Untracked 
|  15|0x00000000c3700000, 0x00000000c3800000, 0x00000000c3800000|100%| O|  |TAMS 0x00000000c3800000, 0x00000000c3700000| Untracked 
|  16|0x00000000c3800000, 0x00000000c3900000, 0x00000000c3900000|100%| O|  |TAMS 0x00000000c3900000, 0x00000000c3800000| Untracked 
|  17|0x00000000c3900000, 0x00000000c3a00000, 0x00000000c3a00000|100%| O|  |TAMS 0x00000000c3a00000, 0x00000000c3900000| Untracked 
|  18|0x00000000c3a00000, 0x00000000c3b00000, 0x00000000c3b00000|100%| O|  |TAMS 0x00000000c3b00000, 0x00000000c3a00000| Untracked 
|  19|0x00000000c3b00000, 0x00000000c3c00000, 0x00000000c3c00000|100%| O|  |TAMS 0x00000000c3b0de00, 0x00000000c3b00000| Untracked 
|  20|0x00000000c3c00000, 0x00000000c3d00000, 0x00000000c3d00000|100%| O|  |TAMS 0x00000000c3c00000, 0x00000000c3c00000| Untracked 
|  21|0x00000000c3d00000, 0x00000000c3e00000, 0x00000000c3e00000|100%| O|  |TAMS 0x00000000c3d00000, 0x00000000c3d00000| Untracked 
|  22|0x00000000c3e00000, 0x00000000c3e96a00, 0x00000000c3f00000| 58%| O|  |TAMS 0x00000000c3e00000, 0x00000000c3e00000| Untracked 
|  23|0x00000000c3f00000, 0x00000000c3f00000, 0x00000000c4000000|  0%| F|  |TAMS 0x00000000c3f00000, 0x00000000c3f00000| Untracked 
|  24|0x00000000c4000000, 0x00000000c4000000, 0x00000000c4100000|  0%| F|  |TAMS 0x00000000c4000000, 0x00000000c4000000| Untracked 
|  25|0x00000000c4100000, 0x00000000c4100000, 0x00000000c4200000|  0%| F|  |TAMS 0x00000000c4100000, 0x00000000c4100000| Untracked 
|  26|0x00000000c4200000, 0x00000000c4200000, 0x00000000c4300000|  0%| F|  |TAMS 0x00000000c4200000, 0x00000000c4200000| Untracked 
|  27|0x00000000c4300000, 0x00000000c4300000, 0x00000000c4400000|  0%| F|  |TAMS 0x00000000c4300000, 0x00000000c4300000| Untracked 
|  28|0x00000000c4400000, 0x00000000c4400000, 0x00000000c4500000|  0%| F|  |TAMS 0x00000000c4400000, 0x00000000c4400000| Untracked 
|  29|0x00000000c4500000, 0x00000000c4500000, 0x00000000c4600000|  0%| F|  |TAMS 0x00000000c4500000, 0x00000000c4500000| Untracked 
|  30|0x00000000c4600000, 0x00000000c4600000, 0x00000000c4700000|  0%| F|  |TAMS 0x00000000c4600000, 0x00000000c4600000| Untracked 
|  31|0x00000000c4700000, 0x00000000c47a18c0, 0x00000000c4800000| 63%| S|CS|TAMS 0x00000000c4700000, 0x00000000c4700000| Complete 
|  32|0x00000000c4800000, 0x00000000c4800000, 0x00000000c4900000|  0%| F|  |TAMS 0x00000000c4800000, 0x00000000c4800000| Untracked 
|  33|0x00000000c4900000, 0x00000000c4900000, 0x00000000c4a00000|  0%| F|  |TAMS 0x00000000c4900000, 0x00000000c4900000| Untracked 
|  34|0x00000000c4a00000, 0x00000000c4a00000, 0x00000000c4b00000|  0%| F|  |TAMS 0x00000000c4a00000, 0x00000000c4a00000| Untracked 
|  35|0x00000000c4b00000, 0x00000000c4b00000, 0x00000000c4c00000|  0%| F|  |TAMS 0x00000000c4b00000, 0x00000000c4b00000| Untracked 
|  36|0x00000000c4c00000, 0x00000000c4c00000, 0x00000000c4d00000|  0%| F|  |TAMS 0x00000000c4c00000, 0x00000000c4c00000| Untracked 
|  37|0x00000000c4d00000, 0x00000000c4d00000, 0x00000000c4e00000|  0%| F|  |TAMS 0x00000000c4d00000, 0x00000000c4d00000| Untracked 
|  38|0x00000000c4e00000, 0x00000000c4e00000, 0x00000000c4f00000|  0%| F|  |TAMS 0x00000000c4e00000, 0x00000000c4e00000| Untracked 
|  39|0x00000000c4f00000, 0x00000000c4f6b940, 0x00000000c5000000| 42%| E|  |TAMS 0x00000000c4f00000, 0x00000000c4f00000| Complete 
|  40|0x00000000c5000000, 0x00000000c5100000, 0x00000000c5100000|100%| E|CS|TAMS 0x00000000c5000000, 0x00000000c5000000| Complete 
|  41|0x00000000c5100000, 0x00000000c5200000, 0x00000000c5200000|100%| E|CS|TAMS 0x00000000c5100000, 0x00000000c5100000| Complete 
|  42|0x00000000c5200000, 0x00000000c5300000, 0x00000000c5300000|100%| E|CS|TAMS 0x00000000c5200000, 0x00000000c5200000| Complete 
|  61|0x00000000c6500000, 0x00000000c6600000, 0x00000000c6600000|100%| E|  |TAMS 0x00000000c6500000, 0x00000000c6500000| Complete 

Card table byte_map: [0x000001ba73ce0000,0x000001ba73ed0000] _byte_map_base: 0x000001ba736cc000

Marking Bits (Prev, Next): (CMBitMap*) 0x000001ba6110cc90, (CMBitMap*) 0x000001ba6110ccd0
 Prev Bits: [0x000001ba740c0000, 0x000001ba75020000)
 Next Bits: [0x000001ba75020000, 0x000001ba75f80000)

Polling page: 0x000001ba5f000000

Metaspace:

Usage:
  Non-class:     47.67 MB capacity,    47.28 MB (>99%) used,   321.02 KB ( <1%) free+waste,    76.00 KB ( <1%) overhead. 
      Class:      6.49 MB capacity,     6.30 MB ( 97%) used,   167.57 KB (  3%) free+waste,    28.31 KB ( <1%) overhead. 
       Both:     54.16 MB capacity,    53.58 MB ( 99%) used,   488.59 KB ( <1%) free+waste,   104.31 KB ( <1%) overhead. 

Virtual space:
  Non-class space:       48.00 MB reserved,      47.67 MB (>99%) committed 
      Class space:        1.00 GB reserved,       6.50 MB ( <1%) committed 
             Both:        1.05 GB reserved,      54.17 MB (  5%) committed 

Chunk freelists:
   Non-Class:  2.00 KB
       Class:  10.00 KB
        Both:  12.00 KB

MaxMetaspaceSize: 17179869184.00 GB
CompressedClassSpaceSize: 1.00 GB

CodeHeap 'non-profiled nmethods': size=238912Kb used=7272Kb max_used=7272Kb free=231639Kb
 bounds [0x000001ba651a0000, 0x000001ba658c0000, 0x000001ba73af0000]
CodeHeap 'non-nmethods': size=6848Kb used=1277Kb max_used=1277Kb free=5570Kb
 bounds [0x000001ba64af0000, 0x000001ba64d60000, 0x000001ba651a0000]
 total_blobs=5144 nmethods=4573 adapters=499
 compilation: enabled
              stopped_count=0, restarted_count=0
 full_count=0

Compilation events (20 events):
Event: 69.632 Thread 0x000001ba7848e050 nmethod 4563 0x000001ba658b6c10 code [0x000001ba658b6de0, 0x000001ba658b7238]
Event: 69.632 Thread 0x000001ba7848e050 4564       1       java.util.Base64::getMimeDecoder (4 bytes)
Event: 69.632 Thread 0x000001ba7848e050 nmethod 4564 0x000001ba658b7410 code [0x000001ba658b75a0, 0x000001ba658b7638]
Event: 69.632 Thread 0x000001ba7848e050 4565       1       java.util.Base64$Decoder::decode (12 bytes)
Event: 69.633 Thread 0x000001ba7848e050 nmethod 4565 0x000001ba658b7710 code [0x000001ba658b78e0, 0x000001ba658b7c58]
Event: 69.633 Thread 0x000001ba7848e050 4566       1       java.util.Base64$Decoder::decode (35 bytes)
Event: 69.633 Thread 0x000001ba7848e050 nmethod 4566 0x000001ba658b7e10 code [0x000001ba658b7fe0, 0x000001ba658b8328]
Event: 69.639 Thread 0x000001ba7848e050 4567       1       java.lang.reflect.Field::getType (5 bytes)
Event: 69.639 Thread 0x000001ba7848e050 nmethod 4567 0x000001ba658b8490 code [0x000001ba658b8620, 0x000001ba658b86d8]
Event: 69.709 Thread 0x000001ba7848e050 4568       1       java.util.jar.JarFile$JarFileEntry::realEntry (67 bytes)
Event: 69.710 Thread 0x000001ba7848e050 nmethod 4568 0x000001ba658b8790 code [0x000001ba658b8960, 0x000001ba658b8c88]
Event: 69.710 Thread 0x000001ba7848e050 4570       1       java.security.CodeSigner::equals (72 bytes)
Event: 69.711 Thread 0x000001ba7848e050 nmethod 4570 0x000001ba658b9210 code [0x000001ba658b93c0, 0x000001ba658b95f8]
Event: 69.718 Thread 0x000001ba7848e050 4571       1       org.eclipse.jdt.internal.compiler.parser.Parser::tAction (35 bytes)
Event: 69.718 Thread 0x000001ba7848e050 nmethod 4571 0x000001ba658b9710 code [0x000001ba658b98a0, 0x000001ba658b99d8]
Event: 69.719 Thread 0x000001ba7848e050 4572       1       org.eclipse.jdt.internal.compiler.parser.Parser::actFromTokenOrSynthetic (9 bytes)
Event: 69.719 Thread 0x000001ba7848e050 nmethod 4572 0x000001ba658b9b10 code [0x000001ba658b9cc0, 0x000001ba658b9e18]
Event: 69.719 Thread 0x000001ba7848e050 4573       1       org.eclipse.jdt.internal.compiler.parser.Parser::ntAction (8 bytes)
Event: 69.719 Thread 0x000001ba7848e050 nmethod 4573 0x000001ba658b9f90 code [0x000001ba658ba120, 0x000001ba658ba1f8]
Event: 69.719 Thread 0x000001ba7848e050 4574       1       org.eclipse.jdt.internal.compiler.parser.Parser::consumeRule (7627 bytes)

GC Heap History (20 events):
Event: 5.252 GC heap before
{Heap before GC invocations=9 (full 0):
 garbage-first heap   total 36864K, used 23931K [0x00000000c2800000, 0x0000000100000000)
  region size 1024K, 16 young (16384K), 3 survivors (3072K)
 Metaspace       used 35299K, capacity 35739K, committed 35888K, reserved 1081344K
  class space    used 4223K, capacity 4369K, committed 4480K, reserved 1048576K
}
Event: 5.263 GC heap after
{Heap after GC invocations=10 (full 0):
 garbage-first heap   total 36864K, used 13561K [0x00000000c2800000, 0x0000000100000000)
  region size 1024K, 1 young (1024K), 1 survivors (1024K)
 Metaspace       used 35299K, capacity 35739K, committed 35888K, reserved 1081344K
  class space    used 4223K, capacity 4369K, committed 4480K, reserved 1048576K
}
Event: 5.587 GC heap before
{Heap before GC invocations=11 (full 0):
 garbage-first heap   total 36864K, used 25849K [0x00000000c2800000, 0x0000000100000000)
  region size 1024K, 14 young (14336K), 1 survivors (1024K)
 Metaspace       used 36864K, capacity 37320K, committed 37424K, reserved 1081344K
  class space    used 4453K, capacity 4633K, committed 4736K, reserved 1048576K
}
Event: 5.591 GC heap after
{Heap after GC invocations=12 (full 0):
 garbage-first heap   total 36864K, used 14340K [0x00000000c2800000, 0x0000000100000000)
  region size 1024K, 2 young (2048K), 2 survivors (2048K)
 Metaspace       used 36864K, capacity 37320K, committed 37424K, reserved 1081344K
  class space    used 4453K, capacity 4633K, committed 4736K, reserved 1048576K
}
Event: 5.927 GC heap before
{Heap before GC invocations=12 (full 0):
 garbage-first heap   total 36864K, used 26628K [0x00000000c2800000, 0x0000000100000000)
  region size 1024K, 15 young (15360K), 2 survivors (2048K)
 Metaspace       used 38682K, capacity 39177K, committed 39472K, reserved 1083392K
  class space    used 4705K, capacity 4866K, committed 4992K, reserved 1048576K
}
Event: 5.934 GC heap after
{Heap after GC invocations=13 (full 0):
 garbage-first heap   total 36864K, used 15845K [0x00000000c2800000, 0x0000000100000000)
  region size 1024K, 2 young (2048K), 2 survivors (2048K)
 Metaspace       used 38682K, capacity 39177K, committed 39472K, reserved 1083392K
  class space    used 4705K, capacity 4866K, committed 4992K, reserved 1048576K
}
Event: 6.265 GC heap before
{Heap before GC invocations=13 (full 0):
 garbage-first heap   total 36864K, used 28133K [0x00000000c2800000, 0x0000000100000000)
  region size 1024K, 14 young (14336K), 2 survivors (2048K)
 Metaspace       used 40981K, capacity 41374K, committed 41520K, reserved 1085440K
  class space    used 4978K, capacity 5128K, committed 5248K, reserved 1048576K
}
Event: 6.271 GC heap after
{Heap after GC invocations=14 (full 0):
 garbage-first heap   total 45056K, used 17408K [0x00000000c2800000, 0x0000000100000000)
  region size 1024K, 2 young (2048K), 2 survivors (2048K)
 Metaspace       used 40981K, capacity 41374K, committed 41520K, reserved 1085440K
  class space    used 4978K, capacity 5128K, committed 5248K, reserved 1048576K
}
Event: 6.877 GC heap before
{Heap before GC invocations=14 (full 0):
 garbage-first heap   total 45056K, used 32768K [0x00000000c2800000, 0x0000000100000000)
  region size 1024K, 18 young (18432K), 2 survivors (2048K)
 Metaspace       used 46394K, capacity 46861K, committed 47024K, reserved 1091584K
  class space    used 5635K, capacity 5803K, committed 5888K, reserved 1048576K
}
Event: 6.882 GC heap after
{Heap after GC invocations=15 (full 0):
 garbage-first heap   total 45056K, used 19523K [0x00000000c2800000, 0x0000000100000000)
  region size 1024K, 3 young (3072K), 3 survivors (3072K)
 Metaspace       used 46394K, capacity 46861K, committed 47024K, reserved 1091584K
  class space    used 5635K, capacity 5803K, committed 5888K, reserved 1048576K
}
Event: 7.107 GC heap before
{Heap before GC invocations=15 (full 0):
 garbage-first heap   total 45056K, used 33859K [0x00000000c2800000, 0x0000000100000000)
  region size 1024K, 17 young (17408K), 3 survivors (3072K)
 Metaspace       used 47252K, capacity 47750K, committed 47920K, reserved 1091584K
  class space    used 5746K, capacity 5945K, committed 6016K, reserved 1048576K
}
Event: 7.115 GC heap after
{Heap after GC invocations=16 (full 0):
 garbage-first heap   total 45056K, used 20281K [0x00000000c2800000, 0x0000000100000000)
  region size 1024K, 1 young (1024K), 1 survivors (1024K)
 Metaspace       used 47252K, capacity 47750K, committed 47920K, reserved 1091584K
  class space    used 5746K, capacity 5945K, committed 6016K, reserved 1048576K
}
Event: 7.276 GC heap before
{Heap before GC invocations=16 (full 0):
 garbage-first heap   total 45056K, used 33593K [0x00000000c2800000, 0x0000000100000000)
  region size 1024K, 14 young (14336K), 1 survivors (1024K)
 Metaspace       used 47297K, capacity 47814K, committed 47920K, reserved 1091584K
  class space    used 5755K, capacity 5945K, committed 6016K, reserved 1048576K
}
Event: 7.279 GC heap after
{Heap after GC invocations=17 (full 0):
 garbage-first heap   total 45056K, used 20406K [0x00000000c2800000, 0x0000000100000000)
  region size 1024K, 1 young (1024K), 1 survivors (1024K)
 Metaspace       used 47297K, capacity 47814K, committed 47920K, reserved 1091584K
  class space    used 5755K, capacity 5945K, committed 6016K, reserved 1048576K
}
Event: 65.231 GC heap before
{Heap before GC invocations=18 (full 0):
 garbage-first heap   total 45056K, used 34742K [0x00000000c2800000, 0x0000000100000000)
  region size 1024K, 15 young (15360K), 1 survivors (1024K)
 Metaspace       used 48100K, capacity 48606K, committed 48816K, reserved 1091584K
  class space    used 5857K, capacity 6069K, committed 6144K, reserved 1048576K
}
Event: 65.263 GC heap after
{Heap after GC invocations=19 (full 0):
 garbage-first heap   total 45056K, used 20904K [0x00000000c2800000, 0x0000000100000000)
  region size 1024K, 2 young (2048K), 2 survivors (2048K)
 Metaspace       used 48100K, capacity 48606K, committed 48816K, reserved 1091584K
  class space    used 5857K, capacity 6069K, committed 6144K, reserved 1048576K
}
Event: 68.047 GC heap before
{Heap before GC invocations=19 (full 0):
 garbage-first heap   total 45056K, used 34216K [0x00000000c2800000, 0x0000000100000000)
  region size 1024K, 16 young (16384K), 2 survivors (2048K)
 Metaspace       used 50723K, capacity 51236K, committed 51376K, reserved 1093632K
  class space    used 6111K, capacity 6326K, committed 6400K, reserved 1048576K
}
Event: 68.075 GC heap after
{Heap after GC invocations=20 (full 0):
 garbage-first heap   total 45056K, used 23136K [0x00000000c2800000, 0x0000000100000000)
  region size 1024K, 2 young (2048K), 2 survivors (2048K)
 Metaspace       used 50723K, capacity 51236K, committed 51376K, reserved 1093632K
  class space    used 6111K, capacity 6326K, committed 6400K, reserved 1048576K
}
Event: 69.407 GC heap before
{Heap before GC invocations=21 (full 0):
 garbage-first heap   total 45056K, used 34400K [0x00000000c2800000, 0x0000000100000000)
  region size 1024K, 14 young (14336K), 2 survivors (2048K)
 Metaspace       used 54034K, capacity 54596K, committed 54704K, reserved 1097728K
  class space    used 6359K, capacity 6550K, committed 6656K, reserved 1048576K
}
Event: 69.421 GC heap after
{Heap after GC invocations=22 (full 0):
 garbage-first heap   total 45056K, used 23730K [0x00000000c2800000, 0x0000000100000000)
  region size 1024K, 1 young (1024K), 1 survivors (1024K)
 Metaspace       used 54034K, capacity 54596K, committed 54704K, reserved 1097728K
  class space    used 6359K, capacity 6550K, committed 6656K, reserved 1048576K
}

Deoptimization events (8 events):
Event: 5.417 Thread 0x000001ba7b10e0c0 DEOPT PACKING pc=0x000001ba65405211 sp=0x0000007c660feea0
Event: 5.417 Thread 0x000001ba7b10e0c0 DEOPT UNPACKING pc=0x000001ba64b3df30 sp=0x0000007c660fe2f8 mode 3
Event: 5.417 Thread 0x000001ba7b10e590 DEOPT PACKING pc=0x000001ba654496fe sp=0x0000007c663fea00
Event: 5.417 Thread 0x000001ba7b10e590 DEOPT UNPACKING pc=0x000001ba64b3df30 sp=0x0000007c663fde98 mode 3
Event: 5.724 Thread 0x000001ba610e05d0 DEOPT PACKING pc=0x000001ba65438a42 sp=0x0000007c648f9f50
Event: 5.724 Thread 0x000001ba610e05d0 DEOPT UNPACKING pc=0x000001ba64b3df30 sp=0x0000007c648f9458 mode 3
Event: 5.724 Thread 0x000001ba610e05d0 DEOPT PACKING pc=0x000001ba6542bf25 sp=0x0000007c648f9f10
Event: 5.724 Thread 0x000001ba610e05d0 DEOPT UNPACKING pc=0x000001ba64b3df30 sp=0x0000007c648f9458 mode 3

Classes unloaded (0 events):
No events

Classes redefined (0 events):
No events

Internal exceptions (20 events):
Event: 5.605 Thread 0x000001ba610e05d0 Exception <a 'java/lang/ClassNotFoundException'{0x00000000c659bdd8}: org/springframework/context/ApplicationContextAwareCustomizer> (0x00000000c659bdd8) 
thrown [./open/src/hotspot/share/classfile/systemDictionary.cpp, line 295]
Event: 5.605 Thread 0x000001ba610e05d0 Exception <a 'java/lang/ClassNotFoundException'{0x00000000c65a03e0}: org/springframework/beans/factory/AwareCustomizer> (0x00000000c65a03e0) 
thrown [./open/src/hotspot/share/classfile/systemDictionary.cpp, line 295]
Event: 5.605 Thread 0x000001ba610e05d0 Exception <a 'java/lang/ClassNotFoundException'{0x00000000c65a3150}: org/springframework/web/context/ServletContextAwareCustomizer> (0x00000000c65a3150) 
thrown [./open/src/hotspot/share/classfile/systemDictionary.cpp, line 295]
Event: 5.606 Thread 0x000001ba610e05d0 Exception <a 'java/lang/ClassNotFoundException'{0x00000000c65a6fe0}: org/springframework/beans/factory/AwareCustomizer> (0x00000000c65a6fe0) 
thrown [./open/src/hotspot/share/classfile/systemDictionary.cpp, line 295]
Event: 5.750 Thread 0x000001ba610e05d0 Exception <a 'java/lang/NoSuchMethodError'{0x00000000c442c928}: 'void java.lang.invoke.DirectMethodHandle$Holder.invokeVirtual(java.lang.Object, java.lang.Object, int)'> (0x00000000c442c928) 
thrown [./open/src/hotspot/share/interpreter/linkResolver.cpp, line 782]
Event: 5.753 Thread 0x000001ba610e05d0 Exception <a 'java/lang/NoSuchMethodError'{0x00000000c4448de8}: 'void java.lang.invoke.DirectMethodHandle$Holder.invokeVirtual(java.lang.Object, java.lang.Object, long)'> (0x00000000c4448de8) 
thrown [./open/src/hotspot/share/interpreter/linkResolver.cpp, line 782]
Event: 5.908 Thread 0x000001ba610e05d0 Exception <a 'java/lang/IncompatibleClassChangeError'{0x00000000c3f7da50}: Found class java.lang.Object, but interface was expected> (0x00000000c3f7da50) 
thrown [./open/src/hotspot/share/interpreter/linkResolver.cpp, line 848]
Event: 5.970 Thread 0x000001ba610e05d0 Exception <a 'java/lang/NoSuchMethodError'{0x00000000c65e6280}: 'int java.lang.invoke.DirectMethodHandle$Holder.invokeStaticInit(java.lang.Object, java.lang.Object, java.lang.Object, java.lang.Object)'> (0x00000000c65e6280) 
thrown [./open/src/hotspot/share/interpreter/linkResolver.cpp, line 782]
Event: 6.104 Thread 0x000001ba610e05d0 Exception <a 'java/lang/IncompatibleClassChangeError'{0x00000000c4527a48}: Found class java.lang.Object, but interface was expected> (0x00000000c4527a48) 
thrown [./open/src/hotspot/share/interpreter/linkResolver.cpp, line 848]
Event: 6.132 Thread 0x000001ba610e05d0 Exception <a 'java/lang/IncompatibleClassChangeError'{0x00000000c4422590}: Found class java.lang.Object, but interface was expected> (0x00000000c4422590) 
thrown [./open/src/hotspot/share/interpreter/linkResolver.cpp, line 848]
Event: 6.475 Thread 0x000001ba610e05d0 Exception <a 'sun/nio/fs/WindowsException'{0x00000000c4d1a4c8}> (0x00000000c4d1a4c8) 
thrown [./open/src/hotspot/share/prims/jni.cpp, line 578]
Event: 6.867 Thread 0x000001ba610e05d0 Exception <a 'java/lang/NoSuchMethodError'{0x00000000c447c6d8}: 'java.lang.Object java.lang.invoke.DirectMethodHandle$Holder.invokeStaticInit(java.lang.Object, java.lang.Object, java.lang.Object, java.lang.Object)'> (0x00000000c447c6d8) 
thrown [./open/src/hotspot/share/interpreter/linkResolver.cpp, line 782]
Event: 7.021 Thread 0x000001ba610e05d0 Exception <a 'java/lang/NoSuchMethodError'{0x00000000c4d85150}: 'java.lang.Object java.lang.invoke.DirectMethodHandle$Holder.newInvokeSpecial(java.lang.Object, java.lang.Object, int, java.lang.Object, java.lang.Object)'> (0x00000000c4d85150) 
thrown [./open/src/hotspot/share/interpreter/linkResolver.cpp, line 782]
Event: 7.025 Thread 0x000001ba610e05d0 Exception <a 'java/lang/NoSuchMethodError'{0x00000000c4d90e58}: 'java.lang.Object java.lang.invoke.DirectMethodHandle$Holder.invokeSpecial(java.lang.Object, java.lang.Object, int, java.lang.Object, int, java.lang.Object)'> (0x00000000c4d90e58) 
thrown [./open/src/hotspot/share/interpreter/linkResolver.cpp, line 782]
Event: 7.026 Thread 0x000001ba610e05d0 Exception <a 'java/lang/NoSuchMethodError'{0x00000000c4d99640}: 'java.lang.Object java.lang.invoke.DirectMethodHandle$Holder.newInvokeSpecial(java.lang.Object, java.lang.Object, int, java.lang.Object, int)'> (0x00000000c4d99640) 
thrown [./open/src/hotspot/share/interpreter/linkResolver.cpp, line 782]
Event: 7.027 Thread 0x000001ba610e05d0 Exception <a 'java/lang/NoSuchMethodError'{0x00000000c4d9d850}: 'java.lang.Object java.lang.invoke.DirectMethodHandle$Holder.invokeSpecial(java.lang.Object, java.lang.Object, java.lang.Object, int, java.lang.Object, int)'> (0x00000000c4d9d850) 
thrown [./open/src/hotspot/share/interpreter/linkResolver.cpp, line 782]
Event: 7.029 Thread 0x000001ba610e05d0 Exception <a 'java/lang/NoSuchMethodError'{0x00000000c4da7c50}: 'void java.lang.invoke.DirectMethodHandle$Holder.invokeVirtual(java.lang.Object, java.lang.Object)'> (0x00000000c4da7c50) 
thrown [./open/src/hotspot/share/interpreter/linkResolver.cpp, line 782]
Event: 63.577 Thread 0x000001ba79627230 Exception <a 'java/lang/NoSuchMethodError'{0x00000000c4777550}: static [B.<clinit>()V> (0x00000000c4777550) 
thrown [./open/src/hotspot/share/prims/jni.cpp, line 1204]
Event: 63.688 Thread 0x000001ba79627230 Exception <a 'java/lang/ClassNotFoundException'{0x00000000c4798b78}: javax/management/remote/rmi/RMIConnectionImpl_Skel> (0x00000000c4798b78) 
thrown [./open/src/hotspot/share/classfile/systemDictionary.cpp, line 295]
Event: 63.813 Thread 0x000001ba79627230 Exception <a 'java/lang/NoSuchMethodError'{0x00000000c47ef1b8}: 'java.lang.Object java.lang.invoke.Invokers$Holder.linkToTargetMethod(java.lang.Object, long, java.lang.Object)'> (0x00000000c47ef1b8) 
thrown [./open/src/hotspot/share/interpreter/linkResolver.cpp, line 782]

Events (20 events):
Event: 67.295 loading class java/io/CharArrayWriter
Event: 67.296 loading class java/io/CharArrayWriter done
Event: 67.766 loading class java/io/FileOutputStream$1
Event: 67.766 loading class java/io/FileOutputStream$1 done
Event: 68.045 Executing VM operation: G1CollectForAllocation
Event: 68.075 Executing VM operation: G1CollectForAllocation done
Event: 68.132 loading class sun/util/ResourceBundleEnumeration
Event: 68.133 loading class sun/util/ResourceBundleEnumeration done
Event: 68.237 Executing VM operation: G1Concurrent
Event: 68.267 Executing VM operation: G1Concurrent done
Event: 68.309 Executing VM operation: G1Concurrent
Event: 68.355 Executing VM operation: G1Concurrent done
Event: 69.008 loading class java/lang/ExceptionInInitializerError
Event: 69.009 loading class java/lang/ExceptionInInitializerError done
Event: 69.347 loading class java/io/FileWriter
Event: 69.348 loading class java/io/FileWriter done
Event: 69.407 Executing VM operation: G1CollectForAllocation
Event: 69.421 Executing VM operation: G1CollectForAllocation done
Event: 69.719 loading class java/lang/NegativeArraySizeException
Event: 69.719 loading class java/lang/NegativeArraySizeException done


Dynamic libraries:
0x00007ff6fd4f0000 - 0x00007ff6fd4fd000 	D:\software_downloads\eclipse-jee-2021-03-R-win32-x86_64\eclipse\plugins\org.eclipse.justj.openjdk.hotspot.jre.full.win32.x86_64_15.0.2.v20210201-0955\jre\bin\javaw.exe
0x00007fff5ac10000 - 0x00007fff5ae08000 	C:\Windows\SYSTEM32\ntdll.dll
0x00007fff5a220000 - 0x00007fff5a2dd000 	C:\Windows\System32\KERNEL32.DLL
0x00007fff586d0000 - 0x00007fff5899e000 	C:\Windows\System32\KERNELBASE.dll
0x00007fff584c0000 - 0x00007fff585c0000 	C:\Windows\System32\ucrtbase.dll
0x00007fff52b00000 - 0x00007fff52b18000 	D:\software_downloads\eclipse-jee-2021-03-R-win32-x86_64\eclipse\plugins\org.eclipse.justj.openjdk.hotspot.jre.full.win32.x86_64_15.0.2.v20210201-0955\jre\bin\jli.dll
0x00007fff5aa30000 - 0x00007fff5abd0000 	C:\Windows\System32\USER32.dll
0x00007fff58490000 - 0x00007fff584b2000 	C:\Windows\System32\win32u.dll
0x00007fff59e10000 - 0x00007fff59e3a000 	C:\Windows\System32\GDI32.dll
0x00007fff585c0000 - 0x00007fff586cb000 	C:\Windows\System32\gdi32full.dll
0x00007fff58b40000 - 0x00007fff58bdd000 	C:\Windows\System32\msvcp_win.dll
0x00007fff52ae0000 - 0x00007fff52af9000 	D:\software_downloads\eclipse-jee-2021-03-R-win32-x86_64\eclipse\plugins\org.eclipse.justj.openjdk.hotspot.jre.full.win32.x86_64_15.0.2.v20210201-0955\jre\bin\VCRUNTIME140.dll
0x00007fff206b0000 - 0x00007fff2094a000 	C:\Windows\WinSxS\amd64_microsoft.windows.common-controls_6595b64144ccf1df_6.0.19041.1110_none_60b5254171f9507e\COMCTL32.dll
0x00007fff594c0000 - 0x00007fff5955e000 	C:\Windows\System32\msvcrt.dll
0x00007fff59880000 - 0x00007fff598b0000 	C:\Windows\System32\IMM32.DLL
0x00007fff53d90000 - 0x00007fff53d9c000 	D:\software_downloads\eclipse-jee-2021-03-R-win32-x86_64\eclipse\plugins\org.eclipse.justj.openjdk.hotspot.jre.full.win32.x86_64_15.0.2.v20210201-0955\jre\bin\vcruntime140_1.dll
0x00007fff14a60000 - 0x00007fff14af1000 	D:\software_downloads\eclipse-jee-2021-03-R-win32-x86_64\eclipse\plugins\org.eclipse.justj.openjdk.hotspot.jre.full.win32.x86_64_15.0.2.v20210201-0955\jre\bin\msvcp140.dll
0x00007ffed8a70000 - 0x00007ffed95ce000 	D:\software_downloads\eclipse-jee-2021-03-R-win32-x86_64\eclipse\plugins\org.eclipse.justj.openjdk.hotspot.jre.full.win32.x86_64_15.0.2.v20210201-0955\jre\bin\server\jvm.dll
0x00007fff597d0000 - 0x00007fff5987e000 	C:\Windows\System32\ADVAPI32.dll
0x00007fff59330000 - 0x00007fff593cc000 	C:\Windows\System32\sechost.dll
0x00007fff5a0f0000 - 0x00007fff5a215000 	C:\Windows\System32\RPCRT4.dll
0x00007fff58ce0000 - 0x00007fff58ce8000 	C:\Windows\System32\PSAPI.DLL
0x00007fff48e30000 - 0x00007fff48e39000 	C:\Windows\SYSTEM32\WSOCK32.dll
0x00007fff598b0000 - 0x00007fff5991b000 	C:\Windows\System32\WS2_32.dll
0x00007fff49820000 - 0x00007fff49847000 	C:\Windows\SYSTEM32\WINMM.dll
0x00007fff531a0000 - 0x00007fff531aa000 	C:\Windows\SYSTEM32\VERSION.dll
0x00007fff561f0000 - 0x00007fff56202000 	C:\Windows\SYSTEM32\kernel.appcore.dll
0x00007fff2fe00000 - 0x00007fff2fe0a000 	D:\software_downloads\eclipse-jee-2021-03-R-win32-x86_64\eclipse\plugins\org.eclipse.justj.openjdk.hotspot.jre.full.win32.x86_64_15.0.2.v20210201-0955\jre\bin\jimage.dll
0x00007fff51a70000 - 0x00007fff51c54000 	C:\Windows\SYSTEM32\DBGHELP.DLL
0x00007fff51990000 - 0x00007fff519bc000 	C:\Windows\SYSTEM32\dbgcore.DLL
0x00007fff58be0000 - 0x00007fff58c62000 	C:\Windows\System32\bcryptPrimitives.dll
0x00007fff2deb0000 - 0x00007fff2ded5000 	D:\software_downloads\eclipse-jee-2021-03-R-win32-x86_64\eclipse\plugins\org.eclipse.justj.openjdk.hotspot.jre.full.win32.x86_64_15.0.2.v20210201-0955\jre\bin\java.dll
0x00007fff2f550000 - 0x00007fff2f568000 	D:\software_downloads\eclipse-jee-2021-03-R-win32-x86_64\eclipse\plugins\org.eclipse.justj.openjdk.hotspot.jre.full.win32.x86_64_15.0.2.v20210201-0955\jre\bin\zip.dll
0x00007fff5a2e0000 - 0x00007fff5aa24000 	C:\Windows\System32\SHELL32.dll
0x00007fff563f0000 - 0x00007fff56b84000 	C:\Windows\SYSTEM32\windows.storage.dll
0x00007fff58fd0000 - 0x00007fff59324000 	C:\Windows\System32\combase.dll
0x00007fff57cc0000 - 0x00007fff57cf0000 	C:\Windows\SYSTEM32\Wldp.dll
0x00007fff59fc0000 - 0x00007fff5a06d000 	C:\Windows\System32\SHCORE.dll
0x00007fff58c70000 - 0x00007fff58cc5000 	C:\Windows\System32\shlwapi.dll
0x00007fff58270000 - 0x00007fff5828f000 	C:\Windows\SYSTEM32\profapi.dll
0x00007fff2de60000 - 0x00007fff2de79000 	D:\software_downloads\eclipse-jee-2021-03-R-win32-x86_64\eclipse\plugins\org.eclipse.justj.openjdk.hotspot.jre.full.win32.x86_64_15.0.2.v20210201-0955\jre\bin\net.dll
0x00007fff4ebc0000 - 0x00007fff4ecca000 	C:\Windows\SYSTEM32\WINHTTP.dll
0x00007fff57a20000 - 0x00007fff57a8a000 	C:\Windows\system32\mswsock.dll
0x00007fff2de40000 - 0x00007fff2de52000 	D:\software_downloads\eclipse-jee-2021-03-R-win32-x86_64\eclipse\plugins\org.eclipse.justj.openjdk.hotspot.jre.full.win32.x86_64_15.0.2.v20210201-0955\jre\bin\nio.dll
0x00007fff540f0000 - 0x00007fff540f9000 	D:\software_downloads\eclipse-jee-2021-03-R-win32-x86_64\eclipse\plugins\org.eclipse.justj.openjdk.hotspot.jre.full.win32.x86_64_15.0.2.v20210201-0955\jre\bin\management.dll
0x00007fff53b00000 - 0x00007fff53b0b000 	D:\software_downloads\eclipse-jee-2021-03-R-win32-x86_64\eclipse\plugins\org.eclipse.justj.openjdk.hotspot.jre.full.win32.x86_64_15.0.2.v20210201-0955\jre\bin\management_ext.dll
0x00007fff38460000 - 0x00007fff38477000 	C:\Windows\system32\napinsp.dll
0x00007fff38440000 - 0x00007fff3845b000 	C:\Windows\system32\pnrpnsp.dll
0x00007fff4f1e0000 - 0x00007fff4f1f5000 	C:\Windows\system32\wshbth.dll
0x00007fff525c0000 - 0x00007fff525dd000 	C:\Windows\system32\NLAapi.dll
0x00007fff576f0000 - 0x00007fff5772b000 	C:\Windows\SYSTEM32\IPHLPAPI.DLL
0x00007fff57730000 - 0x00007fff577fa000 	C:\Windows\SYSTEM32\DNSAPI.dll
0x00007fff58cd0000 - 0x00007fff58cd8000 	C:\Windows\System32\NSI.dll
0x00007fff383f0000 - 0x00007fff38402000 	C:\Windows\System32\winrnr.dll
0x00007fff4e4d0000 - 0x00007fff4e4da000 	C:\Windows\System32\rasadhlp.dll
0x00007fff4edd0000 - 0x00007fff4ee50000 	C:\Windows\System32\fwpuclnt.dll
0x00007fff58ac0000 - 0x00007fff58ae7000 	C:\Windows\System32\bcrypt.dll
0x00007fff57c20000 - 0x00007fff57c38000 	C:\Windows\SYSTEM32\CRYPTSP.dll
0x00007fff57360000 - 0x00007fff57394000 	C:\Windows\system32\rsaenh.dll
0x00007fff58230000 - 0x00007fff5825e000 	C:\Windows\SYSTEM32\USERENV.dll
0x00007fff57c10000 - 0x00007fff57c1c000 	C:\Windows\SYSTEM32\CRYPTBASE.dll
0x00007fff51750000 - 0x00007fff51767000 	C:\Windows\SYSTEM32\dhcpcsvc6.DLL
0x00007fff513e0000 - 0x00007fff513fd000 	C:\Windows\SYSTEM32\dhcpcsvc.DLL
0x00007fff2fc10000 - 0x00007fff2fc20000 	D:\software_downloads\eclipse-jee-2021-03-R-win32-x86_64\eclipse\plugins\org.eclipse.justj.openjdk.hotspot.jre.full.win32.x86_64_15.0.2.v20210201-0955\jre\bin\verify.dll
0x00007fff53ad0000 - 0x00007fff53add000 	D:\software_downloads\eclipse-jee-2021-03-R-win32-x86_64\eclipse\plugins\org.eclipse.justj.openjdk.hotspot.jre.full.win32.x86_64_15.0.2.v20210201-0955\jre\bin\sunmscapi.dll
0x00007fff58330000 - 0x00007fff58486000 	C:\Windows\System32\CRYPT32.dll
0x00007fff57d30000 - 0x00007fff57d57000 	C:\Windows\SYSTEM32\ncrypt.dll
0x00007fff57cf0000 - 0x00007fff57d2b000 	C:\Windows\SYSTEM32\NTASN1.dll

dbghelp: loaded successfully - version: 4.0.5 - missing functions: none
symbol engine: initialized successfully - sym options: 0x614 - pdb path: .;D:\software_downloads\eclipse-jee-2021-03-R-win32-x86_64\eclipse\plugins\org.eclipse.justj.openjdk.hotspot.jre.full.win32.x86_64_15.0.2.v20210201-0955\jre\bin;C:\Windows\SYSTEM32;C:\Windows\WinSxS\amd64_microsoft.windows.common-controls_6595b64144ccf1df_6.0.19041.1110_none_60b5254171f9507e;D:\software_downloads\eclipse-jee-2021-03-R-win32-x86_64\eclipse\plugins\org.eclipse.justj.openjdk.hotspot.jre.full.win32.x86_64_15.0.2.v20210201-0955\jre\bin\server

VM Arguments:
jvm_args: -Dcom.sun.management.jmxremote -Dcom.sun.management.jmxremote.port=52396 -Dcom.sun.management.jmxremote.authenticate=false -Dcom.sun.management.jmxremote.ssl=false -Djava.rmi.server.hostname=localhost -Dspring.jmx.enabled=true -Dspring.application.admin.enabled=true -XX:TieredStopAtLevel=1 -Dspring.boot.project.name=Spring_MVC_CRUD -Dfile.encoding=UTF-8 -XX:+ShowCodeDetailsInExceptionMessages 
java_command: com.pack.employee.SpringMvcCrudApplication
java_class_path (initial): D:\E-Drive\SpringBoot_NewSpace\Spring_MVC_CRUD\target\classes;D:\software_downloads\eclipse-jee-2021-03-R-win32-x86_64\eclipse\plugins\org.junit_4.13.0.v20200204-1500.jar;D:\software_downloads\eclipse-jee-2021-03-R-win32-x86_64\eclipse\plugins\org.hamcrest.core_1.3.0.v20180420-1519.jar;C:\Users\user\.m2\repository\org\springframework\boot\spring-boot-starter-data-jdbc\2.5.2\spring-boot-starter-data-jdbc-2.5.2.jar;C:\Users\user\.m2\repository\org\springframework\boot\spring-boot-starter-jdbc\2.5.2\spring-boot-starter-jdbc-2.5.2.jar;C:\Users\user\.m2\repository\com\zaxxer\HikariCP\4.0.3\HikariCP-4.0.3.jar;C:\Users\user\.m2\repository\org\springframework\spring-jdbc\5.3.8\spring-jdbc-5.3.8.jar;C:\Users\user\.m2\repository\org\springframework\data\spring-data-jdbc\2.2.2\spring-data-jdbc-2.2.2.jar;C:\Users\user\.m2\repository\org\springframework\data\spring-data-relational\2.2.2\spring-data-relational-2.2.2.jar;C:\Users\user\.m2\repository\org\springframework\data\spring-data-commons\2.5.2\spring-data-commons-2.5.2.jar;C:\Users\user\.m2\repository\org\springframework\spring-tx\5.3.8\spring-tx-5.3.8.jar;C:\Users\user\.m2\repository\org\springframework\spring-context\5.3.8\spring-context-5.3.8.jar;C:\Users\user\.m2\repository\org\springframework\spring-beans\5.3.8\spring-beans-5.3.8.jar;C:\Users\user\.m2\repository\org\slf4j\slf4j-api\1.7.31\slf4j-api-1.7.31.jar;C:\Users\user\.m2\repository\org\springframework\boot\spring-boot-starter-web\2.5.2\spring-boot-starter-web-2.5.2.jar;C:\Users\user\.m2\repository\org\springframework\boot\spring-boot-starter\2.5.2\spring-boot-starter-2.5.2.jar;C:\Users\user\.m2\repository\org\springframework\boot\spring-boot\2.5.2\spring-boot-2.5.2.jar;C:\Users\user\.m2\repository\org\springframework\boot\spring-boot-autoconfigure\2.5.2\spring-boot-autoconfigure-2.5.2.jar;C:\Users\user\.m2\repository\org\springframework\boot\spring-boot-starter-logging\2.5.2\spring-boot-starter-logging-2.5.2.jar;C:\Users\user\.m2\repos
Launcher Type: SUN_STANDARD

[Global flags]
     intx CICompilerCount                          = 3                                         {product} {ergonomic}
     uint ConcGCThreads                            = 1                                         {product} {ergonomic}
     uint G1ConcRefinementThreads                  = 4                                         {product} {ergonomic}
   size_t G1HeapRegionSize                         = 1048576                                   {product} {ergonomic}
    uintx GCDrainStackTargetSize                   = 64                                        {product} {ergonomic}
   size_t InitialHeapSize                          = 65011712                                  {product} {ergonomic}
     bool ManagementServer                         = true                                      {product} {command line}
   size_t MarkStackSize                            = 4194304                                   {product} {ergonomic}
   size_t MaxHeapSize                              = 1031798784                                {product} {ergonomic}
   size_t MaxNewSize                               = 618659840                                 {product} {ergonomic}
   size_t MinHeapDeltaBytes                        = 1048576                                   {product} {ergonomic}
   size_t MinHeapSize                              = 8388608                                   {product} {ergonomic}
    uintx NonNMethodCodeHeapSize                   = 6973028                                {pd product} {ergonomic}
    uintx NonProfiledCodeHeapSize                  = 244685212                              {pd product} {ergonomic}
    uintx ProfiledCodeHeapSize                     = 0                                      {pd product} {ergonomic}
    uintx ReservedCodeCacheSize                    = 251658240                              {pd product} {ergonomic}
     bool SegmentedCodeCache                       = true                                      {product} {ergonomic}
     bool ShowCodeDetailsInExceptionMessages       = true                                   {manageable} {command line}
   size_t SoftMaxHeapSize                          = 1031798784                             {manageable} {ergonomic}
     intx TieredStopAtLevel                        = 1                                         {product} {command line}
     bool UseCompressedClassPointers               = true                                 {lp64_product} {ergonomic}
     bool UseCompressedOops                        = true                                 {lp64_product} {ergonomic}
     bool UseG1GC                                  = true                                      {product} {ergonomic}
     bool UseLargePagesIndividualAllocation        = false                                  {pd product} {ergonomic}

Logging:
Log output configuration:
 #0: stdout all=warning uptime,level,tags
 #1: stderr all=off uptime,level,tags

Environment Variables:
JAVA_HOME=D:\softwares\Java\jdk1.8.0_191
PATH=D:/software_downloads/eclipse-jee-2021-03-R-win32-x86_64/eclipse//plugins/org.eclipse.justj.openjdk.hotspot.jre.full.win32.x86_64_15.0.2.v20210201-0955/jre/bin/server;D:/software_downloads/eclipse-jee-2021-03-R-win32-x86_64/eclipse//plugins/org.eclipse.justj.openjdk.hotspot.jre.full.win32.x86_64_15.0.2.v20210201-0955/jre/bin;C:\app\user\product\18.0.0\dbhomeXE\bin;C:\oraclexe\app\oracle\product\11.2.0\server\bin;C:\Windows\system32;C:\Windows;C:\Windows\System32\Wbem;C:\Windows\System32\WindowsPowerShell\v1.0\;C:\Windows\System32\OpenSSH\;D:\softwares\Java\jdk1.8.0_191\bin;C:\Program Files\nodejs\;C:\Program Files\Git\cmd;C:\Program Files (x86)\Microsoft SQL Server\150\DTS\Binn\;C:\Program Files\Azure Data Studio\bin;C:\Program Files (x86)\Microsoft SQL Server\150\Tools\Binn\;C:\Program Files\Microsoft SQL Server\150\Tools\Binn\;C:\Program Files\Microsoft SQL Server\150\DTS\Binn\;C:\Program Files\Microsoft SQL Server\Client SDK\ODBC\170\Tools\Binn\;C:\Program Files\Docker\Docker\resources\bin;C:\ProgramData\DockerDesktop\version-bin;C:\Program Files\MySQL\MySQL Shell 8.0\bin\;C:\Users\user\AppData\Local\Microsoft\WindowsApps;C:\Users\user\AppData\Roaming\npm;C:\Program Files\Azure Data Studio\bin;D:\software_downloads\eclipse-jee-2021-03-R-win32-x86_64\eclipse;
USERNAME=user
OS=Windows_NT
PROCESSOR_IDENTIFIER=Intel64 Family 6 Model 142 Stepping 12, GenuineIntel



---------------  S Y S T E M  ---------------

OS:
 Windows 10 , 64 bit Build 19041 (10.0.19041.1889)
OS uptime: 0 days 22:51 hours
HyperV virtualization detected

CPU: total 4 (initial active 4) (2 cores per cpu, 2 threads per core) family 6 model 142 stepping 12 microcode 0xd6, cmov, cx8, fxsr, mmx, sse, sse2, sse3, ssse3, sse4.1, sse4.2, popcnt, aes, clmul, erms, 3dnowpref, lzcnt, ht, tsc, tscinvbit, clflush, clflushopt

Memory: 4k page, system-wide physical 3930M (97M free)
TotalPageFile size 16218M (AvailPageFile size 1M)
current process WorkingSet (physical memory assigned to process): 112M, peak: 152M
current process commit charge ("private bytes"): 188M, peak: 188M

vm_info: OpenJDK 64-Bit Server VM (15.0.2+7-27) for windows-amd64 JRE (15.0.2+7-27), built on Dec  7 2020 20:02:38 by "mach5one" with unknown MS VC++:1925

END.
